Block:
  Variables:
    Variable: print
      Extern: Ecma_print
  Variables:
    Variable: console
      Object:
        Property: log
          Function: msg
            Block:
              Expression:
                Call:
                  Expression:
                    Identifier: print
                  Arguments:
                    Binary: Plus
                      Left:
                        Identifier: msg
                      Right:
                        String: "
"
        Property: fn
          Function: data cb
            Block:
              Variables:
                Variable: i
                  Integer: 0
              While:
                Expression:
                  Binary: Lesser
                    Left:
                      Identifier: i
                    Right:
                      Member: length
                        Identifier: data
                Then:
                  Block:
                    Expression:
                      Call:
                        Expression:
                          Identifier: cb
                        Arguments:
                          Index:
                            Expression:
                              Identifier: data
                            Index:
                              Identifier: i
  Expression:
    Call:
      Expression:
        Member: fn
          Identifier: console
      Arguments:
        Array:
          Integer: 1
          Integer: 2
          Integer: 3
        Function: item
          Block:
            Expression:
              Call:
                Expression:
                  Member: log
                    Identifier: console
                Arguments:
                  Identifier: item
