Block:
  Named function: LCMCalculator
    Function: x y
      Block:
        Variables:
          Variable: checkInt
            Function: x
              Block:
                If:
                  Expression:
                    Binary: NotIdentity
                      Left:
                        Binary: Mod
                          Left:
                            Identifier: x
                          Right:
                            Integer: 1
                      Right:
                        Integer: 0
                  Then:
                    Block:
                      Throw:
                        New:
                          Expression:
                            Identifier: TypeError
                          Arguments:
                            Binary: Plus
                              Left:
                                Identifier: x
                              Right:
                                String: " is not an integer"
                Return:
                  Identifier: x
        Expression:
          Assign: Assign
            Left:
              Member: a
                This
            Right:
              Call:
                Expression:
                  Identifier: checkInt
                Arguments:
                  Identifier: x
        Expression:
          Assign: Assign
            Left:
              Member: b
                This
            Right:
              Call:
                Expression:
                  Identifier: checkInt
                Arguments:
                  Identifier: y
  Expression:
    Assign: Assign
      Left:
        Member: prototype
          Identifier: LCMCalculator
      Right:
        Object:
          Property: constructor
            Identifier: LCMCalculator
          Property: gcd
            Function:
              Block:
                Variables:
                  Variable: a
                    Call:
                      Expression:
                        Member: abs
                          Identifier: Math
                      Arguments:
                        Member: a
                          This
                  Variable: b
                    Call:
                      Expression:
                        Member: abs
                          Identifier: Math
                      Arguments:
                        Member: b
                          This
                  Variable: t
                If:
                  Expression:
                    Binary: Lesser
                      Left:
                        Identifier: a
                      Right:
                        Identifier: b
                  Then:
                    Block:
                      Expression:
                        Assign: Assign
                          Left:
                            Identifier: t
                          Right:
                            Identifier: b
                      Expression:
                        Assign: Assign
                          Left:
                            Identifier: b
                          Right:
                            Identifier: a
                      Expression:
                        Assign: Assign
                          Left:
                            Identifier: a
                          Right:
                            Identifier: t
                While:
                  Expression:
                    Binary: NotIdentity
                      Left:
                        Identifier: b
                      Right:
                        Integer: 0
                  Then:
                    Block:
                      Expression:
                        Assign: Assign
                          Left:
                            Identifier: t
                          Right:
                            Identifier: b
                      Expression:
                        Assign: Assign
                          Left:
                            Identifier: b
                          Right:
                            Binary: Mod
                              Left:
                                Identifier: a
                              Right:
                                Identifier: b
                      Expression:
                        Assign: Assign
                          Left:
                            Identifier: a
                          Right:
                            Identifier: t
                Expression:
                  Assign: Assign
                    Left:
                      Index:
                        Expression:
                          This
                        Index:
                          String: "gcd"
                    Right:
                      Function:
                        Block:
                          Return:
                            Identifier: a
                Return:
                  Identifier: a
          Property: "lcm"
            Function:
              Block:
                Variables:
                  Variable: lcm
                    Binary: Mul
                      Left:
                        Binary: Div
                          Left:
                            Member: a
                              This
                          Right:
                            Call:
                              Expression:
                                Member: gcd
                                  This
                      Right:
                        Member: b
                          This
                Expression:
                  Assign: Assign
                    Left:
                      Member: lcm
                        This
                    Right:
                      Function:
                        Block:
                          Return:
                            Identifier: lcm
                Return:
                  Identifier: lcm
          Property: toString
            Function:
              Block:
                Return:
                  Binary: Plus
                    Left:
                      Binary: Plus
                        Left:
                          Binary: Plus
                            Left:
                              String: "LCMCalculator: a = "
                            Right:
                              Member: a
                                This
                        Right:
                          String: ", b = "
                    Right:
                      Member: b
                        This
  Named function: output
    Function: x
      Block:
        Expression:
          Call:
            Expression:
              Member: appendChild
                Member: body
                  Identifier: document
            Arguments:
              Call:
                Expression:
                  Member: createTextNode
                    Identifier: document
                Arguments:
                  Identifier: x
        Expression:
          Call:
            Expression:
              Member: appendChild
                Member: body
                  Identifier: document
            Arguments:
              Call:
                Expression:
                  Member: createElement
                    Identifier: document
                Arguments:
                  String: "br"
  Expression:
    Call:
      Expression:
        Member: forEach
          Call:
            Expression:
              Member: sort
                Call:
                  Expression:
                    Member: map
                      Array:
                        Array:
                          Integer: 25
                          Integer: 55
                        Array:
                          Integer: 21
                          Integer: 56
                        Array:
                          Integer: 22
                          Integer: 58
                        Array:
                          Integer: 28
                          Integer: 56
                  Arguments:
                    Function: pair
                      Block:
                        Return:
                          New:
                            Expression:
                              Identifier: LCMCalculator
                            Arguments:
                              Index:
                                Expression:
                                  Identifier: pair
                                Index:
                                  Integer: 0
                              Index:
                                Expression:
                                  Identifier: pair
                                Index:
                                  Integer: 1
            Arguments:
              Function: a b
                Block:
                  Return:
                    Binary: Minus
                      Left:
                        Call:
                          Expression:
                            Member: lcm
                              Identifier: a
                      Right:
                        Call:
                          Expression:
                            Member: lcm
                              Identifier: b
      Arguments:
        Function: obj
          Block:
            Expression:
              Call:
                Expression:
                  Identifier: output
                Arguments:
                  Binary: Plus
                    Left:
                      Binary: Plus
                        Left:
                          Binary: Plus
                            Left:
                              Binary: Plus
                                Left:
                                  Identifier: obj
                                Right:
                                  String: ", gcd = "
                            Right:
                              Call:
                                Expression:
                                  Member: gcd
                                    Identifier: obj
                        Right:
                          String: ", lcm = "
                    Right:
                      Call:
                        Expression:
                          Member: lcm
                            Identifier: obj
Compilation error: Unknown AST branch (ast::stmt::Throw).
