Block:
  Variables:
    Variable: test
      Function:
        Block:
          Named function: Ecma_print
          Variables:
            Variable: print
              Identifier: Ecma_print
          Expression:
            Call:
              Expression:
                Identifier: print
              Arguments:
                Binary: Plus
                  Left:
                    String: "Hello world!"
                  Right:
                    String: "
"
  Expression:
    Call:
      Expression:
        Identifier: test
